# This file was automatically created by FeynRules 2.4.72
# Mathematica version: 11.3.0 for Mac OS X x86 (64-bit) (March 7, 2018)
# Date: Thu 8 Aug 2019 13:51:02


# 
# This is the logfile for the model Top SMEFT

# Authors: C. Degrande, K. Mimasu
# Model version: 0.1
# Checking the Quantum numbers
   * Electric charge defined.
# Checking the Lagrangians
   * All Lagrangians are ok.
#
# Particle definitions
#

   * No particles removed. All particles correspond to GenInt setup.

# Automatically assigned PDG numbers
   * Assigned PDG number 9000001 to particle ghA
   * Assigned PDG number 9000002 to particle ghZ
   * Assigned PDG number 9000003 to particle ghWp
   * Assigned PDG number 9000004 to particle ghWm
   * Assigned PDG number 9000005 to particle ghG


# Compulsory PDG codes:
   * Class SM leptons complete.
   * Class SM neutrinos complete.
   * Class SM quarks complete.
   * Class SM gauge bosons complete.
#
# Parameter definitions
#

   * All parameters are ok.


# Vertices
   * Calling FeynmanRules for 1 Lagrangians.
   * Number of classes vertices: 808
   * Number of flavored vertices: 808
   * Saved vertices in InterfaceRun[ 1 ].
   * Checked QNumber conservation.
      - Quantum number GhostNumber conserved in all vertices.
      - Quantum number LeptonNumber conserved in all vertices.
      - Quantum number Q conserved in all vertices.
      - Quantum number Y conserved in all vertices.
   * particles.py written.
   * parameters.py written.
#
# Vertex definitions
#

   * 830 vertices written.
   * vertices.py written.
#
# Lorentz structure definitions
#

   * 425 lorentz structures written.
   * lorentz.py written.
#
# Coupling definitions
#

   * 691 couplings written.
   * couplings.py written.
#
# Coupling order definitions
#

   * 0 couplings orders written.
   * coupling_orders.py written.
#
# Decay definitions
#

   * 4 decays written.
   * decay.py not written
#
# CTCoupling definitions
#

   * 906 CTcouplings written.
   * CT_couplings.py written.
#
# CTVertex definitions
#

   * 339 CTvertices written.
   * CT_vertices.py written.
